<?xml version="1.0" encoding="UTF-8"?>
<!-- Generated by org.testng.reporters.JUnitXMLReporter -->
<testsuite hostname="EPUAKYIW0428" name="TestNG Group" tests="60" failures="11" timestamp="4 Nov 2016 11:12:27 GMT" time="0.347" errors="0">
  <testcase name="testCos" time="0.0" classname="ua.epam.CalculatorTest">
    <failure type="java.lang.AssertionError" message="expected [0.7071067812] but found [0.8509035245341184]">
      <![CDATA[java.lang.AssertionError: expected [0.7071067812] but found [0.8509035245341184]
	at ua.epam.CalculatorTest.testCos(CalculatorTest.java:104)
	at com.intellij.rt.execution.application.AppMain.main(AppMain.java:147)
... Removed 31 stack frames]]>
    </failure>
  </testcase> <!-- testCos -->
  <testcase name="testCos" time="0.0" classname="ua.epam.CalculatorTest">
    <failure type="java.lang.AssertionError" message="expected [0.8660254036] but found [0.5000000003478834]">
      <![CDATA[java.lang.AssertionError: expected [0.8660254036] but found [0.5000000003478834]
	at ua.epam.CalculatorTest.testCos(CalculatorTest.java:104)
	at com.intellij.rt.execution.application.AppMain.main(AppMain.java:147)
... Removed 31 stack frames]]>
    </failure>
  </testcase> <!-- testCos -->
  <testcase name="testCos" time="0.0" classname="ua.epam.CalculatorTest">
    <failure type="java.lang.AssertionError" message="expected [1.0] but found [0.0]">
      <![CDATA[java.lang.AssertionError: expected [1.0] but found [0.0]
	at ua.epam.CalculatorTest.testCos(CalculatorTest.java:104)
	at com.intellij.rt.execution.application.AppMain.main(AppMain.java:147)
... Removed 31 stack frames]]>
    </failure>
  </testcase> <!-- testCos -->
  <testcase name="testCtg" time="0.0" classname="ua.epam.CalculatorTest"/>
  <testcase name="testCtg" time="0.0" classname="ua.epam.CalculatorTest">
    <failure type="java.lang.AssertionError" message="expected [0.8660254036] but found [0.4804727784654184]">
      <![CDATA[java.lang.AssertionError: expected [0.8660254036] but found [0.4804727784654184]
	at ua.epam.CalculatorTest.testCtg(CalculatorTest.java:93)
	at com.intellij.rt.execution.application.AppMain.main(AppMain.java:147)
... Removed 31 stack frames]]>
    </failure>
  </testcase> <!-- testCtg -->
  <testcase name="testCtg" time="0.0" classname="ua.epam.CalculatorTest">
    <failure type="java.lang.AssertionError" message="expected [0.7071067815] but found [0.6557942024061532]">
      <![CDATA[java.lang.AssertionError: expected [0.7071067815] but found [0.6557942024061532]
	at ua.epam.CalculatorTest.testCtg(CalculatorTest.java:93)
	at com.intellij.rt.execution.application.AppMain.main(AppMain.java:147)
... Removed 31 stack frames]]>
    </failure>
  </testcase> <!-- testCtg -->
  <testcase name="testDivDouble" time="0.0" classname="ua.epam.CalculatorTest"/>
  <testcase name="testDivDouble" time="0.0" classname="ua.epam.CalculatorTest"/>
  <testcase name="testDivDouble" time="0.0" classname="ua.epam.CalculatorTest"/>
  <testcase name="testDivDouble" time="0.0" classname="ua.epam.CalculatorTest"/>
  <testcase name="testDivDouble" time="0.0" classname="ua.epam.CalculatorTest"/>
  <testcase name="testDivDouble" time="0.0" classname="ua.epam.CalculatorTest"/>
  <testcase name="testDivLong" time="0.0" classname="ua.epam.CalculatorTest"/>
  <testcase name="testDivLong" time="0.0" classname="ua.epam.CalculatorTest"/>
  <testcase name="testDivLong" time="0.0" classname="ua.epam.CalculatorTest"/>
  <testcase name="testDivLong" time="0.0" classname="ua.epam.CalculatorTest"/>
  <testcase name="testDivLong" time="0.0" classname="ua.epam.CalculatorTest"/>
  <testcase name="testIsNegative" time="0.016" classname="ua.epam.CalculatorTest"/>
  <testcase name="testIsPositive" time="0.0" classname="ua.epam.CalculatorTest"/>
  <testcase name="testMultDouble" time="0.0" classname="ua.epam.CalculatorTest"/>
  <testcase name="testMultDouble" time="0.0" classname="ua.epam.CalculatorTest"/>
  <testcase name="testMultDouble" time="0.0" classname="ua.epam.CalculatorTest"/>
  <testcase name="testMultDouble" time="0.0" classname="ua.epam.CalculatorTest"/>
  <testcase name="testMultDouble" time="0.0" classname="ua.epam.CalculatorTest"/>
  <testcase name="testMultLong" time="0.0" classname="ua.epam.CalculatorTest"/>
  <testcase name="testMultLong" time="0.0" classname="ua.epam.CalculatorTest"/>
  <testcase name="testMultLong" time="0.0" classname="ua.epam.CalculatorTest"/>
  <testcase name="testMultLong" time="0.0" classname="ua.epam.CalculatorTest"/>
  <testcase name="testPow" time="0.0" classname="ua.epam.CalculatorTest"/>
  <testcase name="testPow" time="0.0" classname="ua.epam.CalculatorTest"/>
  <testcase name="testPow" time="0.0" classname="ua.epam.CalculatorTest">
    <failure type="java.lang.AssertionError" message="expected [1.6817928305] but found [1.0]">
      <![CDATA[java.lang.AssertionError: expected [1.6817928305] but found [1.0]
	at ua.epam.CalculatorTest.testPow(CalculatorTest.java:72)
	at com.intellij.rt.execution.application.AppMain.main(AppMain.java:147)
... Removed 31 stack frames]]>
    </failure>
  </testcase> <!-- testPow -->
  <testcase name="testPow" time="0.015" classname="ua.epam.CalculatorTest"/>
  <testcase name="testSin" time="0.0" classname="ua.epam.CalculatorTest"/>
  <testcase name="testSin" time="0.0" classname="ua.epam.CalculatorTest"/>
  <testcase name="testSin" time="0.0" classname="ua.epam.CalculatorTest"/>
  <testcase name="testSqrt" time="0.0" classname="ua.epam.CalculatorTest"/>
  <testcase name="testSqrt" time="0.0" classname="ua.epam.CalculatorTest"/>
  <testcase name="testSqrt" time="0.0" classname="ua.epam.CalculatorTest"/>
  <testcase name="testSqrt" time="0.0" classname="ua.epam.CalculatorTest"/>
  <testcase name="testSubDouble" time="0.0" classname="ua.epam.CalculatorTest"/>
  <testcase name="testSubDouble" time="0.0" classname="ua.epam.CalculatorTest"/>
  <testcase name="testSubDouble" time="0.0" classname="ua.epam.CalculatorTest"/>
  <testcase name="testSubDouble" time="0.0" classname="ua.epam.CalculatorTest"/>
  <testcase name="testSubLong" time="0.001" classname="ua.epam.CalculatorTest"/>
  <testcase name="testSubLong" time="0.0" classname="ua.epam.CalculatorTest"/>
  <testcase name="testSubLong" time="0.0" classname="ua.epam.CalculatorTest"/>
  <testcase name="testSumDouble" time="0.0" classname="ua.epam.CalculatorTest"/>
  <testcase name="testSumDouble" time="0.0" classname="ua.epam.CalculatorTest"/>
  <testcase name="testSumDouble" time="0.0" classname="ua.epam.CalculatorTest"/>
  <testcase name="testSumDouble" time="0.0" classname="ua.epam.CalculatorTest"/>
  <testcase name="testSumLong" time="0.0" classname="ua.epam.CalculatorTest"/>
  <testcase name="testSumLong" time="0.0" classname="ua.epam.CalculatorTest"/>
  <testcase name="testSumLong" time="0.0" classname="ua.epam.CalculatorTest"/>
  <testcase name="testSumLong" time="0.0" classname="ua.epam.CalculatorTest"/>
  <testcase name="testTg" time="0.0" classname="ua.epam.CalculatorTest">
    <failure type="java.lang.AssertionError" message="expected [0.0] but found [NaN]">
      <![CDATA[java.lang.AssertionError: expected [0.0] but found [NaN]
	at ua.epam.CalculatorTest.testTg(CalculatorTest.java:88)
	at com.intellij.rt.execution.application.AppMain.main(AppMain.java:147)
... Removed 31 stack frames]]>
    </failure>
  </testcase> <!-- testTg -->
  <testcase name="testTg" time="0.0" classname="ua.epam.CalculatorTest">
    <failure type="java.lang.AssertionError" message="expected [0.0] but found [1.0]">
      <![CDATA[java.lang.AssertionError: expected [0.0] but found [1.0]
	at ua.epam.CalculatorTest.testTg(CalculatorTest.java:88)
	at com.intellij.rt.execution.application.AppMain.main(AppMain.java:147)
... Removed 31 stack frames]]>
    </failure>
  </testcase> <!-- testTg -->
  <testcase name="testTg" time="0.0" classname="ua.epam.CalculatorTest">
    <failure type="java.lang.AssertionError" message="expected [0.9999999992] but found [1.0]">
      <![CDATA[java.lang.AssertionError: expected [0.9999999992] but found [1.0]
	at ua.epam.CalculatorTest.testTg(CalculatorTest.java:88)
	at com.intellij.rt.execution.application.AppMain.main(AppMain.java:147)
... Removed 31 stack frames]]>
    </failure>
  </testcase> <!-- testTg -->
  <testcase name="testTg" time="0.0" classname="ua.epam.CalculatorTest">
    <failure type="java.lang.AssertionError" message="expected [-4.87558890282154E9] but found [1.0]">
      <![CDATA[java.lang.AssertionError: expected [-4.87558890282154E9] but found [1.0]
	at ua.epam.CalculatorTest.testTg(CalculatorTest.java:88)
	at com.intellij.rt.execution.application.AppMain.main(AppMain.java:147)
... Removed 31 stack frames]]>
    </failure>
  </testcase> <!-- testTg -->
  <testcase name="testTg" time="0.0" classname="ua.epam.CalculatorTest">
    <failure type="java.lang.AssertionError" message="expected [5.44374645106512E15] but found [1.0]">
      <![CDATA[java.lang.AssertionError: expected [5.44374645106512E15] but found [1.0]
	at ua.epam.CalculatorTest.testTg(CalculatorTest.java:88)
	at com.intellij.rt.execution.application.AppMain.main(AppMain.java:147)
... Removed 31 stack frames]]>
    </failure>
  </testcase> <!-- testTg -->
  <testcase name="testTg" time="0.0" classname="ua.epam.CalculatorTest"/>
</testsuite> <!-- TestNG Group -->
