<html>
<head>
<title>TestNG:  TestNG Group</title>
<link href="../testng.css" rel="stylesheet" type="text/css" />
<link href="../my-testng.css" rel="stylesheet" type="text/css" />

<style type="text/css">
.log { display: none;} 
.stack-trace { display: none;} 
</style>
<script type="text/javascript">
<!--
function flip(e) {
  current = e.style.display;
  if (current == 'block') {
    e.style.display = 'none';
    return 0;
  }
  else {
    e.style.display = 'block';
    return 1;
  }
}

function toggleBox(szDivId, elem, msg1, msg2)
{
  var res = -1;  if (document.getElementById) {
    res = flip(document.getElementById(szDivId));
  }
  else if (document.all) {
    // this is the way old msie versions work
    res = flip(document.all[szDivId]);
  }
  if(elem) {
    if(res == 0) elem.innerHTML = msg1; else elem.innerHTML = msg2;
  }

}

function toggleAllBoxes() {
  if (document.getElementsByTagName) {
    d = document.getElementsByTagName('div');
    for (i = 0; i < d.length; i++) {
      if (d[i].className == 'log') {
        flip(d[i]);
      }
    }
  }
}

// -->
</script>

</head>
<body>
<h2 align='center'>TestNG Group</h2><table border='1' align="center">
<tr>
<td>Tests passed/Failed/Skipped:</td><td>49/11/0</td>
</tr><tr>
<td>Started on:</td><td>Fri Nov 04 13:12:27 EET 2016</td>
</tr>
<tr><td>Total time:</td><td>0 seconds (347 ms)</td>
</tr><tr>
<td>Included groups:</td><td>positive </td>
</tr><tr>
<td>Excluded groups:</td><td></td>
</tr>
</table><p/>
<small><i>(Hover the method name to see the test class name)</i></small><p/>
<table width='100%' border='1' class='invocation-failed'>
<tr><td colspan='4' align='center'><b>FAILED TESTS</b></td></tr>
<tr><td><b>Test method</b></td>
<td width="30%"><b>Exception</b></td>
<td width="10%"><b>Time (seconds)</b></td>
<td><b>Instance</b></td>
</tr>
<tr>
<td title='ua.epam.CalculatorTest.testCos()'><b>testCos</b><br>Test class: ua.epam.CalculatorTest<br>Parameters: 45.0, 0.7071067812<br/>
<a href="#Output-93314457" onClick='toggleBox("Output-93314457", this, "Show output", "Hide output");'>Show output</a>

<a href="#Output-93314457" onClick="toggleAllBoxes();">Show all outputs</a>
<div class='log' id="Output-93314457">
Test failed: nullTestResulttestCos - 2 Test duration: 0<br/>
</div>
</td>
<td><div><pre>java.lang.AssertionError: expected [0.7071067812] but found [0.8509035245341184]
	at ua.epam.CalculatorTest.testCos(CalculatorTest.java:104)
	at com.intellij.rt.execution.application.AppMain.main(AppMain.java:147)
... Removed 31 stack frames</pre></div><a href='#' onClick='toggleBox("stack-trace93314457", this, "Click to show all stack frames", "Click to hide stack frames")'>Click to show all stack frames</a>
<div class='stack-trace' id='stack-trace93314457'><pre>java.lang.AssertionError: expected [0.7071067812] but found [0.8509035245341184]
	at org.testng.Assert.fail(Assert.java:94)
	at org.testng.Assert.failNotEquals(Assert.java:494)
	at org.testng.Assert.assertEquals(Assert.java:123)
	at org.testng.Assert.assertEquals(Assert.java:165)
	at ua.epam.CalculatorTest.testCos(CalculatorTest.java:104)
	at sun.reflect.NativeMethodAccessorImpl.invoke0(Native Method)
	at sun.reflect.NativeMethodAccessorImpl.invoke(NativeMethodAccessorImpl.java:62)
	at sun.reflect.DelegatingMethodAccessorImpl.invoke(DelegatingMethodAccessorImpl.java:43)
	at java.lang.reflect.Method.invoke(Method.java:498)
	at org.testng.internal.MethodInvocationHelper.invokeMethod(MethodInvocationHelper.java:84)
	at org.testng.internal.Invoker.invokeMethod(Invoker.java:714)
	at org.testng.internal.Invoker.invokeTestMethod(Invoker.java:901)
	at org.testng.internal.Invoker.invokeTestMethods(Invoker.java:1231)
	at org.testng.internal.TestMethodWorker.invokeTestMethods(TestMethodWorker.java:127)
	at org.testng.internal.TestMethodWorker.run(TestMethodWorker.java:111)
	at org.testng.TestRunner.privateRun(TestRunner.java:767)
	at org.testng.TestRunner.run(TestRunner.java:617)
	at org.testng.SuiteRunner.runTest(SuiteRunner.java:348)
	at org.testng.SuiteRunner.runSequentially(SuiteRunner.java:343)
	at org.testng.SuiteRunner.privateRun(SuiteRunner.java:305)
	at org.testng.SuiteRunner.run(SuiteRunner.java:254)
	at org.testng.SuiteRunnerWorker.runSuite(SuiteRunnerWorker.java:52)
	at org.testng.SuiteRunnerWorker.run(SuiteRunnerWorker.java:86)
	at org.testng.TestNG.runSuitesSequentially(TestNG.java:1224)
	at org.testng.TestNG.runSuitesLocally(TestNG.java:1149)
	at org.testng.TestNG.run(TestNG.java:1057)
	at org.testng.IDEARemoteTestNG.run(IDEARemoteTestNG.java:72)
	at org.testng.RemoteTestNGStarter.main(RemoteTestNGStarter.java:124)
	at sun.reflect.NativeMethodAccessorImpl.invoke0(Native Method)
	at sun.reflect.NativeMethodAccessorImpl.invoke(NativeMethodAccessorImpl.java:62)
	at sun.reflect.DelegatingMethodAccessorImpl.invoke(DelegatingMethodAccessorImpl.java:43)
	at java.lang.reflect.Method.invoke(Method.java:498)
	at com.intellij.rt.execution.application.AppMain.main(AppMain.java:147)
</pre></div></td>
<td>0</td>
<td>ua.epam.CalculatorTest@13b6d03</td></tr>
<tr>
<td title='ua.epam.CalculatorTest.testCos()'><b>testCos</b><br>Test class: ua.epam.CalculatorTest<br>Parameters: 0.523598776, 0.8660254036<br/>
<a href="#Output-1783047508" onClick='toggleBox("Output-1783047508", this, "Show output", "Hide output");'>Show output</a>

<a href="#Output-1783047508" onClick="toggleAllBoxes();">Show all outputs</a>
<div class='log' id="Output-1783047508">
Test failed: nullTestResulttestCos - 2 Test duration: 0<br/>
</div>
</td>
<td><div><pre>java.lang.AssertionError: expected [0.8660254036] but found [0.5000000003478834]
	at ua.epam.CalculatorTest.testCos(CalculatorTest.java:104)
	at com.intellij.rt.execution.application.AppMain.main(AppMain.java:147)
... Removed 31 stack frames</pre></div><a href='#' onClick='toggleBox("stack-trace1783047508", this, "Click to show all stack frames", "Click to hide stack frames")'>Click to show all stack frames</a>
<div class='stack-trace' id='stack-trace1783047508'><pre>java.lang.AssertionError: expected [0.8660254036] but found [0.5000000003478834]
	at org.testng.Assert.fail(Assert.java:94)
	at org.testng.Assert.failNotEquals(Assert.java:494)
	at org.testng.Assert.assertEquals(Assert.java:123)
	at org.testng.Assert.assertEquals(Assert.java:165)
	at ua.epam.CalculatorTest.testCos(CalculatorTest.java:104)
	at sun.reflect.NativeMethodAccessorImpl.invoke0(Native Method)
	at sun.reflect.NativeMethodAccessorImpl.invoke(NativeMethodAccessorImpl.java:62)
	at sun.reflect.DelegatingMethodAccessorImpl.invoke(DelegatingMethodAccessorImpl.java:43)
	at java.lang.reflect.Method.invoke(Method.java:498)
	at org.testng.internal.MethodInvocationHelper.invokeMethod(MethodInvocationHelper.java:84)
	at org.testng.internal.Invoker.invokeMethod(Invoker.java:714)
	at org.testng.internal.Invoker.invokeTestMethod(Invoker.java:901)
	at org.testng.internal.Invoker.invokeTestMethods(Invoker.java:1231)
	at org.testng.internal.TestMethodWorker.invokeTestMethods(TestMethodWorker.java:127)
	at org.testng.internal.TestMethodWorker.run(TestMethodWorker.java:111)
	at org.testng.TestRunner.privateRun(TestRunner.java:767)
	at org.testng.TestRunner.run(TestRunner.java:617)
	at org.testng.SuiteRunner.runTest(SuiteRunner.java:348)
	at org.testng.SuiteRunner.runSequentially(SuiteRunner.java:343)
	at org.testng.SuiteRunner.privateRun(SuiteRunner.java:305)
	at org.testng.SuiteRunner.run(SuiteRunner.java:254)
	at org.testng.SuiteRunnerWorker.runSuite(SuiteRunnerWorker.java:52)
	at org.testng.SuiteRunnerWorker.run(SuiteRunnerWorker.java:86)
	at org.testng.TestNG.runSuitesSequentially(TestNG.java:1224)
	at org.testng.TestNG.runSuitesLocally(TestNG.java:1149)
	at org.testng.TestNG.run(TestNG.java:1057)
	at org.testng.IDEARemoteTestNG.run(IDEARemoteTestNG.java:72)
	at org.testng.RemoteTestNGStarter.main(RemoteTestNGStarter.java:124)
	at sun.reflect.NativeMethodAccessorImpl.invoke0(Native Method)
	at sun.reflect.NativeMethodAccessorImpl.invoke(NativeMethodAccessorImpl.java:62)
	at sun.reflect.DelegatingMethodAccessorImpl.invoke(DelegatingMethodAccessorImpl.java:43)
	at java.lang.reflect.Method.invoke(Method.java:498)
	at com.intellij.rt.execution.application.AppMain.main(AppMain.java:147)
</pre></div></td>
<td>0</td>
<td>ua.epam.CalculatorTest@13b6d03</td></tr>
<tr>
<td title='ua.epam.CalculatorTest.testCos()'><b>testCos</b><br>Test class: ua.epam.CalculatorTest<br>Parameters: 0.0, 1.0<br/>
<a href="#Output-1381713434" onClick='toggleBox("Output-1381713434", this, "Show output", "Hide output");'>Show output</a>

<a href="#Output-1381713434" onClick="toggleAllBoxes();">Show all outputs</a>
<div class='log' id="Output-1381713434">
Test failed: nullTestResulttestCos - 2 Test duration: 0<br/>
</div>
</td>
<td><div><pre>java.lang.AssertionError: expected [1.0] but found [0.0]
	at ua.epam.CalculatorTest.testCos(CalculatorTest.java:104)
	at com.intellij.rt.execution.application.AppMain.main(AppMain.java:147)
... Removed 31 stack frames</pre></div><a href='#' onClick='toggleBox("stack-trace1381713434", this, "Click to show all stack frames", "Click to hide stack frames")'>Click to show all stack frames</a>
<div class='stack-trace' id='stack-trace1381713434'><pre>java.lang.AssertionError: expected [1.0] but found [0.0]
	at org.testng.Assert.fail(Assert.java:94)
	at org.testng.Assert.failNotEquals(Assert.java:494)
	at org.testng.Assert.assertEquals(Assert.java:123)
	at org.testng.Assert.assertEquals(Assert.java:165)
	at ua.epam.CalculatorTest.testCos(CalculatorTest.java:104)
	at sun.reflect.NativeMethodAccessorImpl.invoke0(Native Method)
	at sun.reflect.NativeMethodAccessorImpl.invoke(NativeMethodAccessorImpl.java:62)
	at sun.reflect.DelegatingMethodAccessorImpl.invoke(DelegatingMethodAccessorImpl.java:43)
	at java.lang.reflect.Method.invoke(Method.java:498)
	at org.testng.internal.MethodInvocationHelper.invokeMethod(MethodInvocationHelper.java:84)
	at org.testng.internal.Invoker.invokeMethod(Invoker.java:714)
	at org.testng.internal.Invoker.invokeTestMethod(Invoker.java:901)
	at org.testng.internal.Invoker.invokeTestMethods(Invoker.java:1231)
	at org.testng.internal.TestMethodWorker.invokeTestMethods(TestMethodWorker.java:127)
	at org.testng.internal.TestMethodWorker.run(TestMethodWorker.java:111)
	at org.testng.TestRunner.privateRun(TestRunner.java:767)
	at org.testng.TestRunner.run(TestRunner.java:617)
	at org.testng.SuiteRunner.runTest(SuiteRunner.java:348)
	at org.testng.SuiteRunner.runSequentially(SuiteRunner.java:343)
	at org.testng.SuiteRunner.privateRun(SuiteRunner.java:305)
	at org.testng.SuiteRunner.run(SuiteRunner.java:254)
	at org.testng.SuiteRunnerWorker.runSuite(SuiteRunnerWorker.java:52)
	at org.testng.SuiteRunnerWorker.run(SuiteRunnerWorker.java:86)
	at org.testng.TestNG.runSuitesSequentially(TestNG.java:1224)
	at org.testng.TestNG.runSuitesLocally(TestNG.java:1149)
	at org.testng.TestNG.run(TestNG.java:1057)
	at org.testng.IDEARemoteTestNG.run(IDEARemoteTestNG.java:72)
	at org.testng.RemoteTestNGStarter.main(RemoteTestNGStarter.java:124)
	at sun.reflect.NativeMethodAccessorImpl.invoke0(Native Method)
	at sun.reflect.NativeMethodAccessorImpl.invoke(NativeMethodAccessorImpl.java:62)
	at sun.reflect.DelegatingMethodAccessorImpl.invoke(DelegatingMethodAccessorImpl.java:43)
	at java.lang.reflect.Method.invoke(Method.java:498)
	at com.intellij.rt.execution.application.AppMain.main(AppMain.java:147)
</pre></div></td>
<td>0</td>
<td>ua.epam.CalculatorTest@13b6d03</td></tr>
<tr>
<td title='ua.epam.CalculatorTest.testCtg()'><b>testCtg</b><br>Test class: ua.epam.CalculatorTest<br>Parameters: 0.523598776, 0.8660254036<br/>
<a href="#Output-1773638882" onClick='toggleBox("Output-1773638882", this, "Show output", "Hide output");'>Show output</a>

<a href="#Output-1773638882" onClick="toggleAllBoxes();">Show all outputs</a>
<div class='log' id="Output-1773638882">
Test failed: nullTestResulttestCtg - 2 Test duration: 0<br/>
</div>
</td>
<td><div><pre>java.lang.AssertionError: expected [0.8660254036] but found [0.4804727784654184]
	at ua.epam.CalculatorTest.testCtg(CalculatorTest.java:93)
	at com.intellij.rt.execution.application.AppMain.main(AppMain.java:147)
... Removed 31 stack frames</pre></div><a href='#' onClick='toggleBox("stack-trace1773638882", this, "Click to show all stack frames", "Click to hide stack frames")'>Click to show all stack frames</a>
<div class='stack-trace' id='stack-trace1773638882'><pre>java.lang.AssertionError: expected [0.8660254036] but found [0.4804727784654184]
	at org.testng.Assert.fail(Assert.java:94)
	at org.testng.Assert.failNotEquals(Assert.java:494)
	at org.testng.Assert.assertEquals(Assert.java:123)
	at org.testng.Assert.assertEquals(Assert.java:165)
	at ua.epam.CalculatorTest.testCtg(CalculatorTest.java:93)
	at sun.reflect.NativeMethodAccessorImpl.invoke0(Native Method)
	at sun.reflect.NativeMethodAccessorImpl.invoke(NativeMethodAccessorImpl.java:62)
	at sun.reflect.DelegatingMethodAccessorImpl.invoke(DelegatingMethodAccessorImpl.java:43)
	at java.lang.reflect.Method.invoke(Method.java:498)
	at org.testng.internal.MethodInvocationHelper.invokeMethod(MethodInvocationHelper.java:84)
	at org.testng.internal.Invoker.invokeMethod(Invoker.java:714)
	at org.testng.internal.Invoker.invokeTestMethod(Invoker.java:901)
	at org.testng.internal.Invoker.invokeTestMethods(Invoker.java:1231)
	at org.testng.internal.TestMethodWorker.invokeTestMethods(TestMethodWorker.java:127)
	at org.testng.internal.TestMethodWorker.run(TestMethodWorker.java:111)
	at org.testng.TestRunner.privateRun(TestRunner.java:767)
	at org.testng.TestRunner.run(TestRunner.java:617)
	at org.testng.SuiteRunner.runTest(SuiteRunner.java:348)
	at org.testng.SuiteRunner.runSequentially(SuiteRunner.java:343)
	at org.testng.SuiteRunner.privateRun(SuiteRunner.java:305)
	at org.testng.SuiteRunner.run(SuiteRunner.java:254)
	at org.testng.SuiteRunnerWorker.runSuite(SuiteRunnerWorker.java:52)
	at org.testng.SuiteRunnerWorker.run(SuiteRunnerWorker.java:86)
	at org.testng.TestNG.runSuitesSequentially(TestNG.java:1224)
	at org.testng.TestNG.runSuitesLocally(TestNG.java:1149)
	at org.testng.TestNG.run(TestNG.java:1057)
	at org.testng.IDEARemoteTestNG.run(IDEARemoteTestNG.java:72)
	at org.testng.RemoteTestNGStarter.main(RemoteTestNGStarter.java:124)
	at sun.reflect.NativeMethodAccessorImpl.invoke0(Native Method)
	at sun.reflect.NativeMethodAccessorImpl.invoke(NativeMethodAccessorImpl.java:62)
	at sun.reflect.DelegatingMethodAccessorImpl.invoke(DelegatingMethodAccessorImpl.java:43)
	at java.lang.reflect.Method.invoke(Method.java:498)
	at com.intellij.rt.execution.application.AppMain.main(AppMain.java:147)
</pre></div></td>
<td>0</td>
<td>ua.epam.CalculatorTest@13b6d03</td></tr>
<tr>
<td title='ua.epam.CalculatorTest.testCtg()'><b>testCtg</b><br>Test class: ua.epam.CalculatorTest<br>Parameters: 0.785398163, 0.7071067815<br/>
<a href="#Output-1295226194" onClick='toggleBox("Output-1295226194", this, "Show output", "Hide output");'>Show output</a>

<a href="#Output-1295226194" onClick="toggleAllBoxes();">Show all outputs</a>
<div class='log' id="Output-1295226194">
Test failed: nullTestResulttestCtg - 2 Test duration: 0<br/>
</div>
</td>
<td><div><pre>java.lang.AssertionError: expected [0.7071067815] but found [0.6557942024061532]
	at ua.epam.CalculatorTest.testCtg(CalculatorTest.java:93)
	at com.intellij.rt.execution.application.AppMain.main(AppMain.java:147)
... Removed 31 stack frames</pre></div><a href='#' onClick='toggleBox("stack-trace1295226194", this, "Click to show all stack frames", "Click to hide stack frames")'>Click to show all stack frames</a>
<div class='stack-trace' id='stack-trace1295226194'><pre>java.lang.AssertionError: expected [0.7071067815] but found [0.6557942024061532]
	at org.testng.Assert.fail(Assert.java:94)
	at org.testng.Assert.failNotEquals(Assert.java:494)
	at org.testng.Assert.assertEquals(Assert.java:123)
	at org.testng.Assert.assertEquals(Assert.java:165)
	at ua.epam.CalculatorTest.testCtg(CalculatorTest.java:93)
	at sun.reflect.NativeMethodAccessorImpl.invoke0(Native Method)
	at sun.reflect.NativeMethodAccessorImpl.invoke(NativeMethodAccessorImpl.java:62)
	at sun.reflect.DelegatingMethodAccessorImpl.invoke(DelegatingMethodAccessorImpl.java:43)
	at java.lang.reflect.Method.invoke(Method.java:498)
	at org.testng.internal.MethodInvocationHelper.invokeMethod(MethodInvocationHelper.java:84)
	at org.testng.internal.Invoker.invokeMethod(Invoker.java:714)
	at org.testng.internal.Invoker.invokeTestMethod(Invoker.java:901)
	at org.testng.internal.Invoker.invokeTestMethods(Invoker.java:1231)
	at org.testng.internal.TestMethodWorker.invokeTestMethods(TestMethodWorker.java:127)
	at org.testng.internal.TestMethodWorker.run(TestMethodWorker.java:111)
	at org.testng.TestRunner.privateRun(TestRunner.java:767)
	at org.testng.TestRunner.run(TestRunner.java:617)
	at org.testng.SuiteRunner.runTest(SuiteRunner.java:348)
	at org.testng.SuiteRunner.runSequentially(SuiteRunner.java:343)
	at org.testng.SuiteRunner.privateRun(SuiteRunner.java:305)
	at org.testng.SuiteRunner.run(SuiteRunner.java:254)
	at org.testng.SuiteRunnerWorker.runSuite(SuiteRunnerWorker.java:52)
	at org.testng.SuiteRunnerWorker.run(SuiteRunnerWorker.java:86)
	at org.testng.TestNG.runSuitesSequentially(TestNG.java:1224)
	at org.testng.TestNG.runSuitesLocally(TestNG.java:1149)
	at org.testng.TestNG.run(TestNG.java:1057)
	at org.testng.IDEARemoteTestNG.run(IDEARemoteTestNG.java:72)
	at org.testng.RemoteTestNGStarter.main(RemoteTestNGStarter.java:124)
	at sun.reflect.NativeMethodAccessorImpl.invoke0(Native Method)
	at sun.reflect.NativeMethodAccessorImpl.invoke(NativeMethodAccessorImpl.java:62)
	at sun.reflect.DelegatingMethodAccessorImpl.invoke(DelegatingMethodAccessorImpl.java:43)
	at java.lang.reflect.Method.invoke(Method.java:498)
	at com.intellij.rt.execution.application.AppMain.main(AppMain.java:147)
</pre></div></td>
<td>0</td>
<td>ua.epam.CalculatorTest@13b6d03</td></tr>
<tr>
<td title='ua.epam.CalculatorTest.testPow()'><b>testPow</b><br>Test class: ua.epam.CalculatorTest<br>Parameters: 2.0, 0.75, 1.6817928305<br/>
<a href="#Output-1368594774" onClick='toggleBox("Output-1368594774", this, "Show output", "Hide output");'>Show output</a>

<a href="#Output-1368594774" onClick="toggleAllBoxes();">Show all outputs</a>
<div class='log' id="Output-1368594774">
Test failed: nullTestResulttestPow - 2 Test duration: 0<br/>
</div>
</td>
<td><div><pre>java.lang.AssertionError: expected [1.6817928305] but found [1.0]
	at ua.epam.CalculatorTest.testPow(CalculatorTest.java:72)
	at com.intellij.rt.execution.application.AppMain.main(AppMain.java:147)
... Removed 31 stack frames</pre></div><a href='#' onClick='toggleBox("stack-trace1368594774", this, "Click to show all stack frames", "Click to hide stack frames")'>Click to show all stack frames</a>
<div class='stack-trace' id='stack-trace1368594774'><pre>java.lang.AssertionError: expected [1.6817928305] but found [1.0]
	at org.testng.Assert.fail(Assert.java:94)
	at org.testng.Assert.failNotEquals(Assert.java:494)
	at org.testng.Assert.assertEquals(Assert.java:123)
	at org.testng.Assert.assertEquals(Assert.java:165)
	at ua.epam.CalculatorTest.testPow(CalculatorTest.java:72)
	at sun.reflect.NativeMethodAccessorImpl.invoke0(Native Method)
	at sun.reflect.NativeMethodAccessorImpl.invoke(NativeMethodAccessorImpl.java:62)
	at sun.reflect.DelegatingMethodAccessorImpl.invoke(DelegatingMethodAccessorImpl.java:43)
	at java.lang.reflect.Method.invoke(Method.java:498)
	at org.testng.internal.MethodInvocationHelper.invokeMethod(MethodInvocationHelper.java:84)
	at org.testng.internal.Invoker.invokeMethod(Invoker.java:714)
	at org.testng.internal.Invoker.invokeTestMethod(Invoker.java:901)
	at org.testng.internal.Invoker.invokeTestMethods(Invoker.java:1231)
	at org.testng.internal.TestMethodWorker.invokeTestMethods(TestMethodWorker.java:127)
	at org.testng.internal.TestMethodWorker.run(TestMethodWorker.java:111)
	at org.testng.TestRunner.privateRun(TestRunner.java:767)
	at org.testng.TestRunner.run(TestRunner.java:617)
	at org.testng.SuiteRunner.runTest(SuiteRunner.java:348)
	at org.testng.SuiteRunner.runSequentially(SuiteRunner.java:343)
	at org.testng.SuiteRunner.privateRun(SuiteRunner.java:305)
	at org.testng.SuiteRunner.run(SuiteRunner.java:254)
	at org.testng.SuiteRunnerWorker.runSuite(SuiteRunnerWorker.java:52)
	at org.testng.SuiteRunnerWorker.run(SuiteRunnerWorker.java:86)
	at org.testng.TestNG.runSuitesSequentially(TestNG.java:1224)
	at org.testng.TestNG.runSuitesLocally(TestNG.java:1149)
	at org.testng.TestNG.run(TestNG.java:1057)
	at org.testng.IDEARemoteTestNG.run(IDEARemoteTestNG.java:72)
	at org.testng.RemoteTestNGStarter.main(RemoteTestNGStarter.java:124)
	at sun.reflect.NativeMethodAccessorImpl.invoke0(Native Method)
	at sun.reflect.NativeMethodAccessorImpl.invoke(NativeMethodAccessorImpl.java:62)
	at sun.reflect.DelegatingMethodAccessorImpl.invoke(DelegatingMethodAccessorImpl.java:43)
	at java.lang.reflect.Method.invoke(Method.java:498)
	at com.intellij.rt.execution.application.AppMain.main(AppMain.java:147)
</pre></div></td>
<td>0</td>
<td>ua.epam.CalculatorTest@13b6d03</td></tr>
<tr>
<td title='ua.epam.CalculatorTest.testTg()'><b>testTg</b><br>Test class: ua.epam.CalculatorTest<br>Parameters: 0.0, 0.0<br/>
<a href="#Output-1173643169" onClick='toggleBox("Output-1173643169", this, "Show output", "Hide output");'>Show output</a>

<a href="#Output-1173643169" onClick="toggleAllBoxes();">Show all outputs</a>
<div class='log' id="Output-1173643169">
Test failed: nullTestResulttestTg - 2 Test duration: 0<br/>
</div>
</td>
<td><div><pre>java.lang.AssertionError: expected [0.0] but found [NaN]
	at ua.epam.CalculatorTest.testTg(CalculatorTest.java:88)
	at com.intellij.rt.execution.application.AppMain.main(AppMain.java:147)
... Removed 31 stack frames</pre></div><a href='#' onClick='toggleBox("stack-trace1173643169", this, "Click to show all stack frames", "Click to hide stack frames")'>Click to show all stack frames</a>
<div class='stack-trace' id='stack-trace1173643169'><pre>java.lang.AssertionError: expected [0.0] but found [NaN]
	at org.testng.Assert.fail(Assert.java:94)
	at org.testng.Assert.failNotEquals(Assert.java:494)
	at org.testng.Assert.assertEquals(Assert.java:123)
	at org.testng.Assert.assertEquals(Assert.java:165)
	at ua.epam.CalculatorTest.testTg(CalculatorTest.java:88)
	at sun.reflect.NativeMethodAccessorImpl.invoke0(Native Method)
	at sun.reflect.NativeMethodAccessorImpl.invoke(NativeMethodAccessorImpl.java:62)
	at sun.reflect.DelegatingMethodAccessorImpl.invoke(DelegatingMethodAccessorImpl.java:43)
	at java.lang.reflect.Method.invoke(Method.java:498)
	at org.testng.internal.MethodInvocationHelper.invokeMethod(MethodInvocationHelper.java:84)
	at org.testng.internal.Invoker.invokeMethod(Invoker.java:714)
	at org.testng.internal.Invoker.invokeTestMethod(Invoker.java:901)
	at org.testng.internal.Invoker.invokeTestMethods(Invoker.java:1231)
	at org.testng.internal.TestMethodWorker.invokeTestMethods(TestMethodWorker.java:127)
	at org.testng.internal.TestMethodWorker.run(TestMethodWorker.java:111)
	at org.testng.TestRunner.privateRun(TestRunner.java:767)
	at org.testng.TestRunner.run(TestRunner.java:617)
	at org.testng.SuiteRunner.runTest(SuiteRunner.java:348)
	at org.testng.SuiteRunner.runSequentially(SuiteRunner.java:343)
	at org.testng.SuiteRunner.privateRun(SuiteRunner.java:305)
	at org.testng.SuiteRunner.run(SuiteRunner.java:254)
	at org.testng.SuiteRunnerWorker.runSuite(SuiteRunnerWorker.java:52)
	at org.testng.SuiteRunnerWorker.run(SuiteRunnerWorker.java:86)
	at org.testng.TestNG.runSuitesSequentially(TestNG.java:1224)
	at org.testng.TestNG.runSuitesLocally(TestNG.java:1149)
	at org.testng.TestNG.run(TestNG.java:1057)
	at org.testng.IDEARemoteTestNG.run(IDEARemoteTestNG.java:72)
	at org.testng.RemoteTestNGStarter.main(RemoteTestNGStarter.java:124)
	at sun.reflect.NativeMethodAccessorImpl.invoke0(Native Method)
	at sun.reflect.NativeMethodAccessorImpl.invoke(NativeMethodAccessorImpl.java:62)
	at sun.reflect.DelegatingMethodAccessorImpl.invoke(DelegatingMethodAccessorImpl.java:43)
	at java.lang.reflect.Method.invoke(Method.java:498)
	at com.intellij.rt.execution.application.AppMain.main(AppMain.java:147)
</pre></div></td>
<td>0</td>
<td>ua.epam.CalculatorTest@13b6d03</td></tr>
<tr>
<td title='ua.epam.CalculatorTest.testTg()'><b>testTg</b><br>Test class: ua.epam.CalculatorTest<br>Parameters: 0.523598776, 0.0<br/>
<a href="#Output-1397616978" onClick='toggleBox("Output-1397616978", this, "Show output", "Hide output");'>Show output</a>

<a href="#Output-1397616978" onClick="toggleAllBoxes();">Show all outputs</a>
<div class='log' id="Output-1397616978">
Test failed: nullTestResulttestTg - 2 Test duration: 0<br/>
</div>
</td>
<td><div><pre>java.lang.AssertionError: expected [0.0] but found [1.0]
	at ua.epam.CalculatorTest.testTg(CalculatorTest.java:88)
	at com.intellij.rt.execution.application.AppMain.main(AppMain.java:147)
... Removed 31 stack frames</pre></div><a href='#' onClick='toggleBox("stack-trace1397616978", this, "Click to show all stack frames", "Click to hide stack frames")'>Click to show all stack frames</a>
<div class='stack-trace' id='stack-trace1397616978'><pre>java.lang.AssertionError: expected [0.0] but found [1.0]
	at org.testng.Assert.fail(Assert.java:94)
	at org.testng.Assert.failNotEquals(Assert.java:494)
	at org.testng.Assert.assertEquals(Assert.java:123)
	at org.testng.Assert.assertEquals(Assert.java:165)
	at ua.epam.CalculatorTest.testTg(CalculatorTest.java:88)
	at sun.reflect.NativeMethodAccessorImpl.invoke0(Native Method)
	at sun.reflect.NativeMethodAccessorImpl.invoke(NativeMethodAccessorImpl.java:62)
	at sun.reflect.DelegatingMethodAccessorImpl.invoke(DelegatingMethodAccessorImpl.java:43)
	at java.lang.reflect.Method.invoke(Method.java:498)
	at org.testng.internal.MethodInvocationHelper.invokeMethod(MethodInvocationHelper.java:84)
	at org.testng.internal.Invoker.invokeMethod(Invoker.java:714)
	at org.testng.internal.Invoker.invokeTestMethod(Invoker.java:901)
	at org.testng.internal.Invoker.invokeTestMethods(Invoker.java:1231)
	at org.testng.internal.TestMethodWorker.invokeTestMethods(TestMethodWorker.java:127)
	at org.testng.internal.TestMethodWorker.run(TestMethodWorker.java:111)
	at org.testng.TestRunner.privateRun(TestRunner.java:767)
	at org.testng.TestRunner.run(TestRunner.java:617)
	at org.testng.SuiteRunner.runTest(SuiteRunner.java:348)
	at org.testng.SuiteRunner.runSequentially(SuiteRunner.java:343)
	at org.testng.SuiteRunner.privateRun(SuiteRunner.java:305)
	at org.testng.SuiteRunner.run(SuiteRunner.java:254)
	at org.testng.SuiteRunnerWorker.runSuite(SuiteRunnerWorker.java:52)
	at org.testng.SuiteRunnerWorker.run(SuiteRunnerWorker.java:86)
	at org.testng.TestNG.runSuitesSequentially(TestNG.java:1224)
	at org.testng.TestNG.runSuitesLocally(TestNG.java:1149)
	at org.testng.TestNG.run(TestNG.java:1057)
	at org.testng.IDEARemoteTestNG.run(IDEARemoteTestNG.java:72)
	at org.testng.RemoteTestNGStarter.main(RemoteTestNGStarter.java:124)
	at sun.reflect.NativeMethodAccessorImpl.invoke0(Native Method)
	at sun.reflect.NativeMethodAccessorImpl.invoke(NativeMethodAccessorImpl.java:62)
	at sun.reflect.DelegatingMethodAccessorImpl.invoke(DelegatingMethodAccessorImpl.java:43)
	at java.lang.reflect.Method.invoke(Method.java:498)
	at com.intellij.rt.execution.application.AppMain.main(AppMain.java:147)
</pre></div></td>
<td>0</td>
<td>ua.epam.CalculatorTest@13b6d03</td></tr>
<tr>
<td title='ua.epam.CalculatorTest.testTg()'><b>testTg</b><br>Test class: ua.epam.CalculatorTest<br>Parameters: 0.785398163, 0.9999999992<br/>
<a href="#Output-889729797" onClick='toggleBox("Output-889729797", this, "Show output", "Hide output");'>Show output</a>

<a href="#Output-889729797" onClick="toggleAllBoxes();">Show all outputs</a>
<div class='log' id="Output-889729797">
Test failed: nullTestResulttestTg - 2 Test duration: 0<br/>
</div>
</td>
<td><div><pre>java.lang.AssertionError: expected [0.9999999992] but found [1.0]
	at ua.epam.CalculatorTest.testTg(CalculatorTest.java:88)
	at com.intellij.rt.execution.application.AppMain.main(AppMain.java:147)
... Removed 31 stack frames</pre></div><a href='#' onClick='toggleBox("stack-trace889729797", this, "Click to show all stack frames", "Click to hide stack frames")'>Click to show all stack frames</a>
<div class='stack-trace' id='stack-trace889729797'><pre>java.lang.AssertionError: expected [0.9999999992] but found [1.0]
	at org.testng.Assert.fail(Assert.java:94)
	at org.testng.Assert.failNotEquals(Assert.java:494)
	at org.testng.Assert.assertEquals(Assert.java:123)
	at org.testng.Assert.assertEquals(Assert.java:165)
	at ua.epam.CalculatorTest.testTg(CalculatorTest.java:88)
	at sun.reflect.NativeMethodAccessorImpl.invoke0(Native Method)
	at sun.reflect.NativeMethodAccessorImpl.invoke(NativeMethodAccessorImpl.java:62)
	at sun.reflect.DelegatingMethodAccessorImpl.invoke(DelegatingMethodAccessorImpl.java:43)
	at java.lang.reflect.Method.invoke(Method.java:498)
	at org.testng.internal.MethodInvocationHelper.invokeMethod(MethodInvocationHelper.java:84)
	at org.testng.internal.Invoker.invokeMethod(Invoker.java:714)
	at org.testng.internal.Invoker.invokeTestMethod(Invoker.java:901)
	at org.testng.internal.Invoker.invokeTestMethods(Invoker.java:1231)
	at org.testng.internal.TestMethodWorker.invokeTestMethods(TestMethodWorker.java:127)
	at org.testng.internal.TestMethodWorker.run(TestMethodWorker.java:111)
	at org.testng.TestRunner.privateRun(TestRunner.java:767)
	at org.testng.TestRunner.run(TestRunner.java:617)
	at org.testng.SuiteRunner.runTest(SuiteRunner.java:348)
	at org.testng.SuiteRunner.runSequentially(SuiteRunner.java:343)
	at org.testng.SuiteRunner.privateRun(SuiteRunner.java:305)
	at org.testng.SuiteRunner.run(SuiteRunner.java:254)
	at org.testng.SuiteRunnerWorker.runSuite(SuiteRunnerWorker.java:52)
	at org.testng.SuiteRunnerWorker.run(SuiteRunnerWorker.java:86)
	at org.testng.TestNG.runSuitesSequentially(TestNG.java:1224)
	at org.testng.TestNG.runSuitesLocally(TestNG.java:1149)
	at org.testng.TestNG.run(TestNG.java:1057)
	at org.testng.IDEARemoteTestNG.run(IDEARemoteTestNG.java:72)
	at org.testng.RemoteTestNGStarter.main(RemoteTestNGStarter.java:124)
	at sun.reflect.NativeMethodAccessorImpl.invoke0(Native Method)
	at sun.reflect.NativeMethodAccessorImpl.invoke(NativeMethodAccessorImpl.java:62)
	at sun.reflect.DelegatingMethodAccessorImpl.invoke(DelegatingMethodAccessorImpl.java:43)
	at java.lang.reflect.Method.invoke(Method.java:498)
	at com.intellij.rt.execution.application.AppMain.main(AppMain.java:147)
</pre></div></td>
<td>0</td>
<td>ua.epam.CalculatorTest@13b6d03</td></tr>
<tr>
<td title='ua.epam.CalculatorTest.testTg()'><b>testTg</b><br>Test class: ua.epam.CalculatorTest<br>Parameters: 1.570796327, -4.87558890282154E9<br/>
<a href="#Output-874217650" onClick='toggleBox("Output-874217650", this, "Show output", "Hide output");'>Show output</a>

<a href="#Output-874217650" onClick="toggleAllBoxes();">Show all outputs</a>
<div class='log' id="Output-874217650">
Test failed: nullTestResulttestTg - 2 Test duration: 0<br/>
</div>
</td>
<td><div><pre>java.lang.AssertionError: expected [-4.87558890282154E9] but found [1.0]
	at ua.epam.CalculatorTest.testTg(CalculatorTest.java:88)
	at com.intellij.rt.execution.application.AppMain.main(AppMain.java:147)
... Removed 31 stack frames</pre></div><a href='#' onClick='toggleBox("stack-trace874217650", this, "Click to show all stack frames", "Click to hide stack frames")'>Click to show all stack frames</a>
<div class='stack-trace' id='stack-trace874217650'><pre>java.lang.AssertionError: expected [-4.87558890282154E9] but found [1.0]
	at org.testng.Assert.fail(Assert.java:94)
	at org.testng.Assert.failNotEquals(Assert.java:494)
	at org.testng.Assert.assertEquals(Assert.java:123)
	at org.testng.Assert.assertEquals(Assert.java:165)
	at ua.epam.CalculatorTest.testTg(CalculatorTest.java:88)
	at sun.reflect.NativeMethodAccessorImpl.invoke0(Native Method)
	at sun.reflect.NativeMethodAccessorImpl.invoke(NativeMethodAccessorImpl.java:62)
	at sun.reflect.DelegatingMethodAccessorImpl.invoke(DelegatingMethodAccessorImpl.java:43)
	at java.lang.reflect.Method.invoke(Method.java:498)
	at org.testng.internal.MethodInvocationHelper.invokeMethod(MethodInvocationHelper.java:84)
	at org.testng.internal.Invoker.invokeMethod(Invoker.java:714)
	at org.testng.internal.Invoker.invokeTestMethod(Invoker.java:901)
	at org.testng.internal.Invoker.invokeTestMethods(Invoker.java:1231)
	at org.testng.internal.TestMethodWorker.invokeTestMethods(TestMethodWorker.java:127)
	at org.testng.internal.TestMethodWorker.run(TestMethodWorker.java:111)
	at org.testng.TestRunner.privateRun(TestRunner.java:767)
	at org.testng.TestRunner.run(TestRunner.java:617)
	at org.testng.SuiteRunner.runTest(SuiteRunner.java:348)
	at org.testng.SuiteRunner.runSequentially(SuiteRunner.java:343)
	at org.testng.SuiteRunner.privateRun(SuiteRunner.java:305)
	at org.testng.SuiteRunner.run(SuiteRunner.java:254)
	at org.testng.SuiteRunnerWorker.runSuite(SuiteRunnerWorker.java:52)
	at org.testng.SuiteRunnerWorker.run(SuiteRunnerWorker.java:86)
	at org.testng.TestNG.runSuitesSequentially(TestNG.java:1224)
	at org.testng.TestNG.runSuitesLocally(TestNG.java:1149)
	at org.testng.TestNG.run(TestNG.java:1057)
	at org.testng.IDEARemoteTestNG.run(IDEARemoteTestNG.java:72)
	at org.testng.RemoteTestNGStarter.main(RemoteTestNGStarter.java:124)
	at sun.reflect.NativeMethodAccessorImpl.invoke0(Native Method)
	at sun.reflect.NativeMethodAccessorImpl.invoke(NativeMethodAccessorImpl.java:62)
	at sun.reflect.DelegatingMethodAccessorImpl.invoke(DelegatingMethodAccessorImpl.java:43)
	at java.lang.reflect.Method.invoke(Method.java:498)
	at com.intellij.rt.execution.application.AppMain.main(AppMain.java:147)
</pre></div></td>
<td>0</td>
<td>ua.epam.CalculatorTest@13b6d03</td></tr>
<tr>
<td title='ua.epam.CalculatorTest.testTg()'><b>testTg</b><br>Test class: ua.epam.CalculatorTest<br>Parameters: 270.0, 5.44374645106512E15<br/>
<a href="#Output-558187323" onClick='toggleBox("Output-558187323", this, "Show output", "Hide output");'>Show output</a>

<a href="#Output-558187323" onClick="toggleAllBoxes();">Show all outputs</a>
<div class='log' id="Output-558187323">
Test failed: nullTestResulttestTg - 2 Test duration: 0<br/>
</div>
</td>
<td><div><pre>java.lang.AssertionError: expected [5.44374645106512E15] but found [1.0]
	at ua.epam.CalculatorTest.testTg(CalculatorTest.java:88)
	at com.intellij.rt.execution.application.AppMain.main(AppMain.java:147)
... Removed 31 stack frames</pre></div><a href='#' onClick='toggleBox("stack-trace558187323", this, "Click to show all stack frames", "Click to hide stack frames")'>Click to show all stack frames</a>
<div class='stack-trace' id='stack-trace558187323'><pre>java.lang.AssertionError: expected [5.44374645106512E15] but found [1.0]
	at org.testng.Assert.fail(Assert.java:94)
	at org.testng.Assert.failNotEquals(Assert.java:494)
	at org.testng.Assert.assertEquals(Assert.java:123)
	at org.testng.Assert.assertEquals(Assert.java:165)
	at ua.epam.CalculatorTest.testTg(CalculatorTest.java:88)
	at sun.reflect.NativeMethodAccessorImpl.invoke0(Native Method)
	at sun.reflect.NativeMethodAccessorImpl.invoke(NativeMethodAccessorImpl.java:62)
	at sun.reflect.DelegatingMethodAccessorImpl.invoke(DelegatingMethodAccessorImpl.java:43)
	at java.lang.reflect.Method.invoke(Method.java:498)
	at org.testng.internal.MethodInvocationHelper.invokeMethod(MethodInvocationHelper.java:84)
	at org.testng.internal.Invoker.invokeMethod(Invoker.java:714)
	at org.testng.internal.Invoker.invokeTestMethod(Invoker.java:901)
	at org.testng.internal.Invoker.invokeTestMethods(Invoker.java:1231)
	at org.testng.internal.TestMethodWorker.invokeTestMethods(TestMethodWorker.java:127)
	at org.testng.internal.TestMethodWorker.run(TestMethodWorker.java:111)
	at org.testng.TestRunner.privateRun(TestRunner.java:767)
	at org.testng.TestRunner.run(TestRunner.java:617)
	at org.testng.SuiteRunner.runTest(SuiteRunner.java:348)
	at org.testng.SuiteRunner.runSequentially(SuiteRunner.java:343)
	at org.testng.SuiteRunner.privateRun(SuiteRunner.java:305)
	at org.testng.SuiteRunner.run(SuiteRunner.java:254)
	at org.testng.SuiteRunnerWorker.runSuite(SuiteRunnerWorker.java:52)
	at org.testng.SuiteRunnerWorker.run(SuiteRunnerWorker.java:86)
	at org.testng.TestNG.runSuitesSequentially(TestNG.java:1224)
	at org.testng.TestNG.runSuitesLocally(TestNG.java:1149)
	at org.testng.TestNG.run(TestNG.java:1057)
	at org.testng.IDEARemoteTestNG.run(IDEARemoteTestNG.java:72)
	at org.testng.RemoteTestNGStarter.main(RemoteTestNGStarter.java:124)
	at sun.reflect.NativeMethodAccessorImpl.invoke0(Native Method)
	at sun.reflect.NativeMethodAccessorImpl.invoke(NativeMethodAccessorImpl.java:62)
	at sun.reflect.DelegatingMethodAccessorImpl.invoke(DelegatingMethodAccessorImpl.java:43)
	at java.lang.reflect.Method.invoke(Method.java:498)
	at com.intellij.rt.execution.application.AppMain.main(AppMain.java:147)
</pre></div></td>
<td>0</td>
<td>ua.epam.CalculatorTest@13b6d03</td></tr>
</table><p>
<table width='100%' border='1' class='invocation-passed'>
<tr><td colspan='4' align='center'><b>PASSED TESTS</b></td></tr>
<tr><td><b>Test method</b></td>
<td width="30%"><b>Exception</b></td>
<td width="10%"><b>Time (seconds)</b></td>
<td><b>Instance</b></td>
</tr>
<tr>
<td title='ua.epam.CalculatorTest.testCtg()'><b>testCtg</b><br>Test class: ua.epam.CalculatorTest<br>Parameters: 45.0, 1.0<br/>
<a href="#Output-1641313620" onClick='toggleBox("Output-1641313620", this, "Show output", "Hide output");'>Show output</a>

<a href="#Output-1641313620" onClick="toggleAllBoxes();">Show all outputs</a>
<div class='log' id="Output-1641313620">
Result success: nullTestResulttestCtg - 1 Test duration: 0<br/>
</div>
</td>
<td></td>
<td>0</td>
<td>ua.epam.CalculatorTest@13b6d03</td></tr>
<tr>
<td title='ua.epam.CalculatorTest.testDivDouble()'><b>testDivDouble</b><br>Test class: ua.epam.CalculatorTest<br>Parameters: 100.0, 2.0, 50.0, 1.0E-8<br/>
<a href="#Output-1514840818" onClick='toggleBox("Output-1514840818", this, "Show output", "Hide output");'>Show output</a>

<a href="#Output-1514840818" onClick="toggleAllBoxes();">Show all outputs</a>
<div class='log' id="Output-1514840818">
Result success: nullTestResulttestDivDouble - 1 Test duration: 0<br/>
</div>
</td>
<td></td>
<td>0</td>
<td>ua.epam.CalculatorTest@13b6d03</td></tr>
<tr>
<td title='ua.epam.CalculatorTest.testDivDouble()'><b>testDivDouble</b><br>Test class: ua.epam.CalculatorTest<br>Parameters: 100.0, -25.0, -4.0, 1.0E-8<br/>
<a href="#Output-1704064279" onClick='toggleBox("Output-1704064279", this, "Show output", "Hide output");'>Show output</a>

<a href="#Output-1704064279" onClick="toggleAllBoxes();">Show all outputs</a>
<div class='log' id="Output-1704064279">
Result success: nullTestResulttestDivDouble - 1 Test duration: 0<br/>
</div>
</td>
<td></td>
<td>0</td>
<td>ua.epam.CalculatorTest@13b6d03</td></tr>
<tr>
<td title='ua.epam.CalculatorTest.testDivDouble()'><b>testDivDouble</b><br>Test class: ua.epam.CalculatorTest<br>Parameters: -120.0, 4.0, -30.0, 1.0E-8<br/>
<a href="#Output-878274034" onClick='toggleBox("Output-878274034", this, "Show output", "Hide output");'>Show output</a>

<a href="#Output-878274034" onClick="toggleAllBoxes();">Show all outputs</a>
<div class='log' id="Output-878274034">
Result success: nullTestResulttestDivDouble - 1 Test duration: 0<br/>
</div>
</td>
<td></td>
<td>0</td>
<td>ua.epam.CalculatorTest@13b6d03</td></tr>
<tr>
<td title='ua.epam.CalculatorTest.testDivDouble()'><b>testDivDouble</b><br>Test class: ua.epam.CalculatorTest<br>Parameters: 0.0, 8.0, 0.0, 1.0E-8<br/>
<a href="#Output-1117509763" onClick='toggleBox("Output-1117509763", this, "Show output", "Hide output");'>Show output</a>

<a href="#Output-1117509763" onClick="toggleAllBoxes();">Show all outputs</a>
<div class='log' id="Output-1117509763">
Result success: nullTestResulttestDivDouble - 1 Test duration: 0<br/>
</div>
</td>
<td></td>
<td>0</td>
<td>ua.epam.CalculatorTest@13b6d03</td></tr>
<tr>
<td title='ua.epam.CalculatorTest.testDivDouble()'><b>testDivDouble</b><br>Test class: ua.epam.CalculatorTest<br>Parameters: 100.0, 30.0, 3.3333333333333335, 1.0E-8<br/>
<a href="#Output-1296674576" onClick='toggleBox("Output-1296674576", this, "Show output", "Hide output");'>Show output</a>

<a href="#Output-1296674576" onClick="toggleAllBoxes();">Show all outputs</a>
<div class='log' id="Output-1296674576">
Result success: nullTestResulttestDivDouble - 1 Test duration: 0<br/>
</div>
</td>
<td></td>
<td>0</td>
<td>ua.epam.CalculatorTest@13b6d03</td></tr>
<tr>
<td title='ua.epam.CalculatorTest.testDivDouble()'><b>testDivDouble</b><br>Test class: ua.epam.CalculatorTest<br>Parameters: 100.05, 8.75, 11.4342857142857, 1.0E-8<br/>
<a href="#Output-664457955" onClick='toggleBox("Output-664457955", this, "Show output", "Hide output");'>Show output</a>

<a href="#Output-664457955" onClick="toggleAllBoxes();">Show all outputs</a>
<div class='log' id="Output-664457955">
Result success: nullTestResulttestDivDouble - 1 Test duration: 0<br/>
</div>
</td>
<td></td>
<td>0</td>
<td>ua.epam.CalculatorTest@13b6d03</td></tr>
<tr>
<td title='ua.epam.CalculatorTest.testDivLong()'><b>testDivLong</b><br>Test class: ua.epam.CalculatorTest<br>Parameters: 100, 2, 50<br/>
<a href="#Output-1146147158" onClick='toggleBox("Output-1146147158", this, "Show output", "Hide output");'>Show output</a>

<a href="#Output-1146147158" onClick="toggleAllBoxes();">Show all outputs</a>
<div class='log' id="Output-1146147158">
Result success: nullTestResulttestDivLong - 1 Test duration: 0<br/>
</div>
</td>
<td></td>
<td>0</td>
<td>ua.epam.CalculatorTest@13b6d03</td></tr>
<tr>
<td title='ua.epam.CalculatorTest.testDivLong()'><b>testDivLong</b><br>Test class: ua.epam.CalculatorTest<br>Parameters: 100, -25, -4<br/>
<a href="#Output-1147258851" onClick='toggleBox("Output-1147258851", this, "Show output", "Hide output");'>Show output</a>

<a href="#Output-1147258851" onClick="toggleAllBoxes();">Show all outputs</a>
<div class='log' id="Output-1147258851">
Result success: nullTestResulttestDivLong - 1 Test duration: 0<br/>
</div>
</td>
<td></td>
<td>0</td>
<td>ua.epam.CalculatorTest@13b6d03</td></tr>
<tr>
<td title='ua.epam.CalculatorTest.testDivLong()'><b>testDivLong</b><br>Test class: ua.epam.CalculatorTest<br>Parameters: 100, 30, 3<br/>
<a href="#Output-891095110" onClick='toggleBox("Output-891095110", this, "Show output", "Hide output");'>Show output</a>

<a href="#Output-891095110" onClick="toggleAllBoxes();">Show all outputs</a>
<div class='log' id="Output-891095110">
Result success: nullTestResulttestDivLong - 1 Test duration: 0<br/>
</div>
</td>
<td></td>
<td>0</td>
<td>ua.epam.CalculatorTest@13b6d03</td></tr>
<tr>
<td title='ua.epam.CalculatorTest.testDivLong()'><b>testDivLong</b><br>Test class: ua.epam.CalculatorTest<br>Parameters: -120, 4, -30<br/>
<a href="#Output-2011482127" onClick='toggleBox("Output-2011482127", this, "Show output", "Hide output");'>Show output</a>

<a href="#Output-2011482127" onClick="toggleAllBoxes();">Show all outputs</a>
<div class='log' id="Output-2011482127">
Result success: nullTestResulttestDivLong - 1 Test duration: 0<br/>
</div>
</td>
<td></td>
<td>0</td>
<td>ua.epam.CalculatorTest@13b6d03</td></tr>
<tr>
<td title='ua.epam.CalculatorTest.testDivLong()'><b>testDivLong</b><br>Test class: ua.epam.CalculatorTest<br>Parameters: 0, 8, 0<br/>
<a href="#Output-905735620" onClick='toggleBox("Output-905735620", this, "Show output", "Hide output");'>Show output</a>

<a href="#Output-905735620" onClick="toggleAllBoxes();">Show all outputs</a>
<div class='log' id="Output-905735620">
Result success: nullTestResulttestDivLong - 1 Test duration: 0<br/>
</div>
</td>
<td></td>
<td>0</td>
<td>ua.epam.CalculatorTest@13b6d03</td></tr>
<tr>
<td title='ua.epam.CalculatorTest.testIsNegative()'><b>testIsNegative</b><br>Test class: ua.epam.CalculatorTest<br>Parameters: -1000<br/>
<a href="#Output-2145970759" onClick='toggleBox("Output-2145970759", this, "Show output", "Hide output");'>Show output</a>

<a href="#Output-2145970759" onClick="toggleAllBoxes();">Show all outputs</a>
<div class='log' id="Output-2145970759">
Result success: nullTestResulttestIsNegative - 1 Test duration: 16<br/>
</div>
</td>
<td></td>
<td>0</td>
<td>ua.epam.CalculatorTest@13b6d03</td></tr>
<tr>
<td title='ua.epam.CalculatorTest.testIsPositive()'><b>testIsPositive</b><br>Test class: ua.epam.CalculatorTest<br>Parameters: 10000000<br/>
<a href="#Output-577405636" onClick='toggleBox("Output-577405636", this, "Show output", "Hide output");'>Show output</a>

<a href="#Output-577405636" onClick="toggleAllBoxes();">Show all outputs</a>
<div class='log' id="Output-577405636">
Result success: nullTestResulttestIsPositive - 1 Test duration: 0<br/>
</div>
</td>
<td></td>
<td>0</td>
<td>ua.epam.CalculatorTest@13b6d03</td></tr>
<tr>
<td title='ua.epam.CalculatorTest.testMultDouble()'><b>testMultDouble</b><br>Test class: ua.epam.CalculatorTest<br>Parameters: 10.0, 2.0, 20.0<br/>
<a href="#Output-1931444790" onClick='toggleBox("Output-1931444790", this, "Show output", "Hide output");'>Show output</a>

<a href="#Output-1931444790" onClick="toggleAllBoxes();">Show all outputs</a>
<div class='log' id="Output-1931444790">
Result success: nullTestResulttestMultDouble - 1 Test duration: 0<br/>
</div>
</td>
<td></td>
<td>0</td>
<td>ua.epam.CalculatorTest@13b6d03</td></tr>
<tr>
<td title='ua.epam.CalculatorTest.testMultDouble()'><b>testMultDouble</b><br>Test class: ua.epam.CalculatorTest<br>Parameters: 10.0, -2.0, -20.0<br/>
<a href="#Output-626742236" onClick='toggleBox("Output-626742236", this, "Show output", "Hide output");'>Show output</a>

<a href="#Output-626742236" onClick="toggleAllBoxes();">Show all outputs</a>
<div class='log' id="Output-626742236">
Result success: nullTestResulttestMultDouble - 1 Test duration: 0<br/>
</div>
</td>
<td></td>
<td>0</td>
<td>ua.epam.CalculatorTest@13b6d03</td></tr>
<tr>
<td title='ua.epam.CalculatorTest.testMultDouble()'><b>testMultDouble</b><br>Test class: ua.epam.CalculatorTest<br>Parameters: -10.0, -2.0, 20.0<br/>
<a href="#Output-500772834" onClick='toggleBox("Output-500772834", this, "Show output", "Hide output");'>Show output</a>

<a href="#Output-500772834" onClick="toggleAllBoxes();">Show all outputs</a>
<div class='log' id="Output-500772834">
Result success: nullTestResulttestMultDouble - 1 Test duration: 0<br/>
</div>
</td>
<td></td>
<td>0</td>
<td>ua.epam.CalculatorTest@13b6d03</td></tr>
<tr>
<td title='ua.epam.CalculatorTest.testMultDouble()'><b>testMultDouble</b><br>Test class: ua.epam.CalculatorTest<br>Parameters: 10.0, 0.0, 0.0<br/>
<a href="#Output-1800659519" onClick='toggleBox("Output-1800659519", this, "Show output", "Hide output");'>Show output</a>

<a href="#Output-1800659519" onClick="toggleAllBoxes();">Show all outputs</a>
<div class='log' id="Output-1800659519">
Result success: nullTestResulttestMultDouble - 1 Test duration: 0<br/>
</div>
</td>
<td></td>
<td>0</td>
<td>ua.epam.CalculatorTest@13b6d03</td></tr>
<tr>
<td title='ua.epam.CalculatorTest.testMultDouble()'><b>testMultDouble</b><br>Test class: ua.epam.CalculatorTest<br>Parameters: 10.025, 3.98745512, 39.0<br/>
<a href="#Output-1691538257" onClick='toggleBox("Output-1691538257", this, "Show output", "Hide output");'>Show output</a>

<a href="#Output-1691538257" onClick="toggleAllBoxes();">Show all outputs</a>
<div class='log' id="Output-1691538257">
Result success: nullTestResulttestMultDouble - 1 Test duration: 0<br/>
</div>
</td>
<td></td>
<td>0</td>
<td>ua.epam.CalculatorTest@13b6d03</td></tr>
<tr>
<td title='ua.epam.CalculatorTest.testMultLong()'><b>testMultLong</b><br>Test class: ua.epam.CalculatorTest<br>Parameters: 10, 2, 20<br/>
<a href="#Output-459848100" onClick='toggleBox("Output-459848100", this, "Show output", "Hide output");'>Show output</a>

<a href="#Output-459848100" onClick="toggleAllBoxes();">Show all outputs</a>
<div class='log' id="Output-459848100">
Result success: nullTestResulttestMultLong - 1 Test duration: 0<br/>
</div>
</td>
<td></td>
<td>0</td>
<td>ua.epam.CalculatorTest@13b6d03</td></tr>
<tr>
<td title='ua.epam.CalculatorTest.testMultLong()'><b>testMultLong</b><br>Test class: ua.epam.CalculatorTest<br>Parameters: 10, -2, -20<br/>
<a href="#Output-1335505684" onClick='toggleBox("Output-1335505684", this, "Show output", "Hide output");'>Show output</a>

<a href="#Output-1335505684" onClick="toggleAllBoxes();">Show all outputs</a>
<div class='log' id="Output-1335505684">
Result success: nullTestResulttestMultLong - 1 Test duration: 0<br/>
</div>
</td>
<td></td>
<td>0</td>
<td>ua.epam.CalculatorTest@13b6d03</td></tr>
<tr>
<td title='ua.epam.CalculatorTest.testMultLong()'><b>testMultLong</b><br>Test class: ua.epam.CalculatorTest<br>Parameters: -10, -2, 20<br/>
<a href="#Output-992768706" onClick='toggleBox("Output-992768706", this, "Show output", "Hide output");'>Show output</a>

<a href="#Output-992768706" onClick="toggleAllBoxes();">Show all outputs</a>
<div class='log' id="Output-992768706">
Result success: nullTestResulttestMultLong - 1 Test duration: 0<br/>
</div>
</td>
<td></td>
<td>0</td>
<td>ua.epam.CalculatorTest@13b6d03</td></tr>
<tr>
<td title='ua.epam.CalculatorTest.testMultLong()'><b>testMultLong</b><br>Test class: ua.epam.CalculatorTest<br>Parameters: 10, 0, 0<br/>
<a href="#Output-1226204845" onClick='toggleBox("Output-1226204845", this, "Show output", "Hide output");'>Show output</a>

<a href="#Output-1226204845" onClick="toggleAllBoxes();">Show all outputs</a>
<div class='log' id="Output-1226204845">
Result success: nullTestResulttestMultLong - 1 Test duration: 0<br/>
</div>
</td>
<td></td>
<td>0</td>
<td>ua.epam.CalculatorTest@13b6d03</td></tr>
<tr>
<td title='ua.epam.CalculatorTest.testPow()'><b>testPow</b><br>Test class: ua.epam.CalculatorTest<br>Parameters: 0.0, 1.0, 0.0<br/>
<a href="#Output-393040818" onClick='toggleBox("Output-393040818", this, "Show output", "Hide output");'>Show output</a>

<a href="#Output-393040818" onClick="toggleAllBoxes();">Show all outputs</a>
<div class='log' id="Output-393040818">
Result success: nullTestResulttestPow - 1 Test duration: 0<br/>
</div>
</td>
<td></td>
<td>0</td>
<td>ua.epam.CalculatorTest@13b6d03</td></tr>
<tr>
<td title='ua.epam.CalculatorTest.testPow()'><b>testPow</b><br>Test class: ua.epam.CalculatorTest<br>Parameters: 1.0, 0.0, 1.0<br/>
<a href="#Output-158453976" onClick='toggleBox("Output-158453976", this, "Show output", "Hide output");'>Show output</a>

<a href="#Output-158453976" onClick="toggleAllBoxes();">Show all outputs</a>
<div class='log' id="Output-158453976">
Result success: nullTestResulttestPow - 1 Test duration: 0<br/>
</div>
</td>
<td></td>
<td>0</td>
<td>ua.epam.CalculatorTest@13b6d03</td></tr>
<tr>
<td title='ua.epam.CalculatorTest.testPow()'><b>testPow</b><br>Test class: ua.epam.CalculatorTest<br>Parameters: 2.0, 2.0, 4.0<br/>
<a href="#Output-1447499999" onClick='toggleBox("Output-1447499999", this, "Show output", "Hide output");'>Show output</a>

<a href="#Output-1447499999" onClick="toggleAllBoxes();">Show all outputs</a>
<div class='log' id="Output-1447499999">
Result success: nullTestResulttestPow - 1 Test duration: 15<br/>
</div>
</td>
<td></td>
<td>0</td>
<td>ua.epam.CalculatorTest@13b6d03</td></tr>
<tr>
<td title='ua.epam.CalculatorTest.testSin()'><b>testSin</b><br>Test class: ua.epam.CalculatorTest<br>Parameters: 45.0, 0.8509035245, 1.0E-8<br/>
<a href="#Output-1371006431" onClick='toggleBox("Output-1371006431", this, "Show output", "Hide output");'>Show output</a>

<a href="#Output-1371006431" onClick="toggleAllBoxes();">Show all outputs</a>
<div class='log' id="Output-1371006431">
Result success: nullTestResulttestSin - 1 Test duration: 0<br/>
</div>
</td>
<td></td>
<td>0</td>
<td>ua.epam.CalculatorTest@13b6d03</td></tr>
<tr>
<td title='ua.epam.CalculatorTest.testSin()'><b>testSin</b><br>Test class: ua.epam.CalculatorTest<br>Parameters: 0.523598776, 0.5000000003, 1.0E-8<br/>
<a href="#Output-413601558" onClick='toggleBox("Output-413601558", this, "Show output", "Hide output");'>Show output</a>

<a href="#Output-413601558" onClick="toggleAllBoxes();">Show all outputs</a>
<div class='log' id="Output-413601558">
Result success: nullTestResulttestSin - 1 Test duration: 0<br/>
</div>
</td>
<td></td>
<td>0</td>
<td>ua.epam.CalculatorTest@13b6d03</td></tr>
<tr>
<td title='ua.epam.CalculatorTest.testSin()'><b>testSin</b><br>Test class: ua.epam.CalculatorTest<br>Parameters: 0.0, 0.0, 1.0E-8<br/>
<a href="#Output-1658926803" onClick='toggleBox("Output-1658926803", this, "Show output", "Hide output");'>Show output</a>

<a href="#Output-1658926803" onClick="toggleAllBoxes();">Show all outputs</a>
<div class='log' id="Output-1658926803">
Result success: nullTestResulttestSin - 1 Test duration: 0<br/>
</div>
</td>
<td></td>
<td>0</td>
<td>ua.epam.CalculatorTest@13b6d03</td></tr>
<tr>
<td title='ua.epam.CalculatorTest.testSqrt()'><b>testSqrt</b><br>Test class: ua.epam.CalculatorTest<br>Parameters: 4.0, 2.0, 1.0E-8<br/>
<a href="#Output-210652080" onClick='toggleBox("Output-210652080", this, "Show output", "Hide output");'>Show output</a>

<a href="#Output-210652080" onClick="toggleAllBoxes();">Show all outputs</a>
<div class='log' id="Output-210652080">
Result success: nullTestResulttestSqrt - 1 Test duration: 0<br/>
</div>
</td>
<td></td>
<td>0</td>
<td>ua.epam.CalculatorTest@13b6d03</td></tr>
<tr>
<td title='ua.epam.CalculatorTest.testSqrt()'><b>testSqrt</b><br>Test class: ua.epam.CalculatorTest<br>Parameters: 0.0, 0.0, 1.0E-8<br/>
<a href="#Output-1652149987" onClick='toggleBox("Output-1652149987", this, "Show output", "Hide output");'>Show output</a>

<a href="#Output-1652149987" onClick="toggleAllBoxes();">Show all outputs</a>
<div class='log' id="Output-1652149987">
Result success: nullTestResulttestSqrt - 1 Test duration: 0<br/>
</div>
</td>
<td></td>
<td>0</td>
<td>ua.epam.CalculatorTest@13b6d03</td></tr>
<tr>
<td title='ua.epam.CalculatorTest.testSqrt()'><b>testSqrt</b><br>Test class: ua.epam.CalculatorTest<br>Parameters: 4.55, 2.1330729007702, 1.0E-8<br/>
<a href="#Output-1107730949" onClick='toggleBox("Output-1107730949", this, "Show output", "Hide output");'>Show output</a>

<a href="#Output-1107730949" onClick="toggleAllBoxes();">Show all outputs</a>
<div class='log' id="Output-1107730949">
Result success: nullTestResulttestSqrt - 1 Test duration: 0<br/>
</div>
</td>
<td></td>
<td>0</td>
<td>ua.epam.CalculatorTest@13b6d03</td></tr>
<tr>
<td title='ua.epam.CalculatorTest.testSqrt()'><b>testSqrt</b><br>Test class: ua.epam.CalculatorTest<br>Parameters: 1.0, 1.0, 1.0E-8<br/>
<a href="#Output-700072760" onClick='toggleBox("Output-700072760", this, "Show output", "Hide output");'>Show output</a>

<a href="#Output-700072760" onClick="toggleAllBoxes();">Show all outputs</a>
<div class='log' id="Output-700072760">
Result success: nullTestResulttestSqrt - 1 Test duration: 0<br/>
</div>
</td>
<td></td>
<td>0</td>
<td>ua.epam.CalculatorTest@13b6d03</td></tr>
<tr>
<td title='ua.epam.CalculatorTest.testSubDouble()'><b>testSubDouble</b><br>Test class: ua.epam.CalculatorTest<br>Parameters: 60000.0, 30000.0, 30000.0, 1.0E-8<br/>
<a href="#Output-1461149300" onClick='toggleBox("Output-1461149300", this, "Show output", "Hide output");'>Show output</a>

<a href="#Output-1461149300" onClick="toggleAllBoxes();">Show all outputs</a>
<div class='log' id="Output-1461149300">
Result success: nullTestResulttestSubDouble - 1 Test duration: 0<br/>
</div>
</td>
<td></td>
<td>0</td>
<td>ua.epam.CalculatorTest@13b6d03</td></tr>
<tr>
<td title='ua.epam.CalculatorTest.testSubDouble()'><b>testSubDouble</b><br>Test class: ua.epam.CalculatorTest<br>Parameters: 5.0, 10.0, -5.0, 1.0E-8<br/>
<a href="#Output-2075495587" onClick='toggleBox("Output-2075495587", this, "Show output", "Hide output");'>Show output</a>

<a href="#Output-2075495587" onClick="toggleAllBoxes();">Show all outputs</a>
<div class='log' id="Output-2075495587">
Result success: nullTestResulttestSubDouble - 1 Test duration: 0<br/>
</div>
</td>
<td></td>
<td>0</td>
<td>ua.epam.CalculatorTest@13b6d03</td></tr>
<tr>
<td title='ua.epam.CalculatorTest.testSubDouble()'><b>testSubDouble</b><br>Test class: ua.epam.CalculatorTest<br>Parameters: -20.0, -10.0, -10.0, 1.0E-8<br/>
<a href="#Output-206835546" onClick='toggleBox("Output-206835546", this, "Show output", "Hide output");'>Show output</a>

<a href="#Output-206835546" onClick="toggleAllBoxes();">Show all outputs</a>
<div class='log' id="Output-206835546">
Result success: nullTestResulttestSubDouble - 1 Test duration: 0<br/>
</div>
</td>
<td></td>
<td>0</td>
<td>ua.epam.CalculatorTest@13b6d03</td></tr>
<tr>
<td title='ua.epam.CalculatorTest.testSubDouble()'><b>testSubDouble</b><br>Test class: ua.epam.CalculatorTest<br>Parameters: 2.1, 3.3, -1.2, 3.0E-13<br/>
<a href="#Output-1997287019" onClick='toggleBox("Output-1997287019", this, "Show output", "Hide output");'>Show output</a>

<a href="#Output-1997287019" onClick="toggleAllBoxes();">Show all outputs</a>
<div class='log' id="Output-1997287019">
Result success: nullTestResulttestSubDouble - 1 Test duration: 0<br/>
</div>
</td>
<td></td>
<td>0</td>
<td>ua.epam.CalculatorTest@13b6d03</td></tr>
<tr>
<td title='ua.epam.CalculatorTest.testSubLong()'><b>testSubLong</b><br>Test class: ua.epam.CalculatorTest<br>Parameters: 60000, 30000, 30000<br/>
<a href="#Output-436546048" onClick='toggleBox("Output-436546048", this, "Show output", "Hide output");'>Show output</a>

<a href="#Output-436546048" onClick="toggleAllBoxes();">Show all outputs</a>
<div class='log' id="Output-436546048">
Result success: nullTestResulttestSubLong - 1 Test duration: 1<br/>
</div>
</td>
<td></td>
<td>0</td>
<td>ua.epam.CalculatorTest@13b6d03</td></tr>
<tr>
<td title='ua.epam.CalculatorTest.testSubLong()'><b>testSubLong</b><br>Test class: ua.epam.CalculatorTest<br>Parameters: 5, 10, -5<br/>
<a href="#Output-1300393335" onClick='toggleBox("Output-1300393335", this, "Show output", "Hide output");'>Show output</a>

<a href="#Output-1300393335" onClick="toggleAllBoxes();">Show all outputs</a>
<div class='log' id="Output-1300393335">
Result success: nullTestResulttestSubLong - 1 Test duration: 0<br/>
</div>
</td>
<td></td>
<td>0</td>
<td>ua.epam.CalculatorTest@13b6d03</td></tr>
<tr>
<td title='ua.epam.CalculatorTest.testSubLong()'><b>testSubLong</b><br>Test class: ua.epam.CalculatorTest<br>Parameters: -20, -10, -10<br/>
<a href="#Output-1627428162" onClick='toggleBox("Output-1627428162", this, "Show output", "Hide output");'>Show output</a>

<a href="#Output-1627428162" onClick="toggleAllBoxes();">Show all outputs</a>
<div class='log' id="Output-1627428162">
Result success: nullTestResulttestSubLong - 1 Test duration: 0<br/>
</div>
</td>
<td></td>
<td>0</td>
<td>ua.epam.CalculatorTest@13b6d03</td></tr>
<tr>
<td title='ua.epam.CalculatorTest.testSumDouble()'><b>testSumDouble</b><br>Test class: ua.epam.CalculatorTest<br>Parameters: 10.0, 10.0, 20.0, 1.0E-8<br/>
<a href="#Output-2011791487" onClick='toggleBox("Output-2011791487", this, "Show output", "Hide output");'>Show output</a>

<a href="#Output-2011791487" onClick="toggleAllBoxes();">Show all outputs</a>
<div class='log' id="Output-2011791487">
Result success: nullTestResulttestSumDouble - 1 Test duration: 0<br/>
</div>
</td>
<td></td>
<td>0</td>
<td>ua.epam.CalculatorTest@13b6d03</td></tr>
<tr>
<td title='ua.epam.CalculatorTest.testSumDouble()'><b>testSumDouble</b><br>Test class: ua.epam.CalculatorTest<br>Parameters: 5.5, 5.5, 11.0, 1.0E-8<br/>
<a href="#Output-1150284200" onClick='toggleBox("Output-1150284200", this, "Show output", "Hide output");'>Show output</a>

<a href="#Output-1150284200" onClick="toggleAllBoxes();">Show all outputs</a>
<div class='log' id="Output-1150284200">
Result success: nullTestResulttestSumDouble - 1 Test duration: 0<br/>
</div>
</td>
<td></td>
<td>0</td>
<td>ua.epam.CalculatorTest@13b6d03</td></tr>
<tr>
<td title='ua.epam.CalculatorTest.testSumDouble()'><b>testSumDouble</b><br>Test class: ua.epam.CalculatorTest<br>Parameters: -3.1, 3.2, 0.1, 1.0E-8<br/>
<a href="#Output-439928219" onClick='toggleBox("Output-439928219", this, "Show output", "Hide output");'>Show output</a>

<a href="#Output-439928219" onClick="toggleAllBoxes();">Show all outputs</a>
<div class='log' id="Output-439928219">
Result success: nullTestResulttestSumDouble - 1 Test duration: 0<br/>
</div>
</td>
<td></td>
<td>0</td>
<td>ua.epam.CalculatorTest@13b6d03</td></tr>
<tr>
<td title='ua.epam.CalculatorTest.testSumDouble()'><b>testSumDouble</b><br>Test class: ua.epam.CalculatorTest<br>Parameters: -0.5, -0.6, -1.1, 1.0E-8<br/>
<a href="#Output-2138564891" onClick='toggleBox("Output-2138564891", this, "Show output", "Hide output");'>Show output</a>

<a href="#Output-2138564891" onClick="toggleAllBoxes();">Show all outputs</a>
<div class='log' id="Output-2138564891">
Result success: nullTestResulttestSumDouble - 1 Test duration: 0<br/>
</div>
</td>
<td></td>
<td>0</td>
<td>ua.epam.CalculatorTest@13b6d03</td></tr>
<tr>
<td title='ua.epam.CalculatorTest.testSumLong()'><b>testSumLong</b><br>Test class: ua.epam.CalculatorTest<br>Parameters: 3, 2, 5<br/>
<a href="#Output-1151755506" onClick='toggleBox("Output-1151755506", this, "Show output", "Hide output");'>Show output</a>

<a href="#Output-1151755506" onClick="toggleAllBoxes();">Show all outputs</a>
<div class='log' id="Output-1151755506">
Result success: nullTestResulttestSumLong - 1 Test duration: 0<br/>
</div>
</td>
<td></td>
<td>0</td>
<td>ua.epam.CalculatorTest@13b6d03</td></tr>
<tr>
<td title='ua.epam.CalculatorTest.testSumLong()'><b>testSumLong</b><br>Test class: ua.epam.CalculatorTest<br>Parameters: -3, 3, 0<br/>
<a href="#Output-2141179775" onClick='toggleBox("Output-2141179775", this, "Show output", "Hide output");'>Show output</a>

<a href="#Output-2141179775" onClick="toggleAllBoxes();">Show all outputs</a>
<div class='log' id="Output-2141179775">
Result success: nullTestResulttestSumLong - 1 Test duration: 0<br/>
</div>
</td>
<td></td>
<td>0</td>
<td>ua.epam.CalculatorTest@13b6d03</td></tr>
<tr>
<td title='ua.epam.CalculatorTest.testSumLong()'><b>testSumLong</b><br>Test class: ua.epam.CalculatorTest<br>Parameters: -5, -5, -10<br/>
<a href="#Output-592959754" onClick='toggleBox("Output-592959754", this, "Show output", "Hide output");'>Show output</a>

<a href="#Output-592959754" onClick="toggleAllBoxes();">Show all outputs</a>
<div class='log' id="Output-592959754">
Result success: nullTestResulttestSumLong - 1 Test duration: 0<br/>
</div>
</td>
<td></td>
<td>0</td>
<td>ua.epam.CalculatorTest@13b6d03</td></tr>
<tr>
<td title='ua.epam.CalculatorTest.testSumLong()'><b>testSumLong</b><br>Test class: ua.epam.CalculatorTest<br>Parameters: 0, 0, 0<br/>
<a href="#Output-1663619914" onClick='toggleBox("Output-1663619914", this, "Show output", "Hide output");'>Show output</a>

<a href="#Output-1663619914" onClick="toggleAllBoxes();">Show all outputs</a>
<div class='log' id="Output-1663619914">
Result success: nullTestResulttestSumLong - 1 Test duration: 0<br/>
</div>
</td>
<td></td>
<td>0</td>
<td>ua.epam.CalculatorTest@13b6d03</td></tr>
<tr>
<td title='ua.epam.CalculatorTest.testTg()'><b>testTg</b><br>Test class: ua.epam.CalculatorTest<br>Parameters: 45.0, 1.0<br/>
<a href="#Output-1088872417" onClick='toggleBox("Output-1088872417", this, "Show output", "Hide output");'>Show output</a>

<a href="#Output-1088872417" onClick="toggleAllBoxes();">Show all outputs</a>
<div class='log' id="Output-1088872417">
Result success: nullTestResulttestTg - 1 Test duration: 0<br/>
</div>
</td>
<td></td>
<td>0</td>
<td>ua.epam.CalculatorTest@13b6d03</td></tr>
</table><p>
</body>
</html>